Cannot connect to server socket err = No such file or directory
Cannot connect to server request channel
jack server is not running or cannot be started
JackShmReadWritePtr::~JackShmReadWritePtr - Init not done for -1, skipping unlock
JackShmReadWritePtr::~JackShmReadWritePtr - Init not done for -1, skipping unlock
Cannot connect to server socket err = No such file or directory
Cannot connect to server request channel
jack server is not running or cannot be started
JackShmReadWritePtr::~JackShmReadWritePtr - Init not done for -1, skipping unlock
JackShmReadWritePtr::~JackShmReadWritePtr - Init not done for -1, skipping unlock
>>>>
Account list:
  [ 0] <sip:172.25.59.89:34964>: does not register
       Online status: Online
  [ 1] <sip:172.25.59.89:34964;transport=TCP>: does not register
       Online status: Online
 *[ 2] sip:193636@176.9.190.89: 100/In Progress (expires=0)
       Online status: Online
Buddy list:
 [ 1] <?>  sip:919345649544@176.9.190.89

+=============================================================================+
|       Call Commands:         |   Buddy, IM & Presence:  |     Account:      |
|                              |                          |                   |
|  m  Make new call            | +b  Add new buddy        | +a  Add new accnt.|
|  M  Make multiple calls      | -b  Delete buddy         | -a  Delete accnt. |
|  a  Answer call              |  i  Send IM              | !a  Modify accnt. |
|  h  Hangup call  (ha=all)    |  s  Subscribe presence   | rr  (Re-)register |
|  H  Hold call                |  u  Unsubscribe presence | ru  Unregister    |
|  v  re-inVite (release hold) |  t  Toggle online status |  >  Cycle next ac.|
|  U  send UPDATE              |  T  Set online status    |  <  Cycle prev ac.|
| ],[ Select next/prev call    +--------------------------+-------------------+
|  x  Xfer call                |      Media Commands:     |  Status & Config: |
|  X  Xfer with Replaces       |                          |                   |
|  #  Send RFC 2833 DTMF       | cl  List ports           |  d  Dump status   |
|  *  Send DTMF with INFO      | cc  Connect port         | dd  Dump detailed |
| dq  Dump curr. call quality  | cd  Disconnect port      | dc  Dump config   |
|                              |  V  Adjust audio Volume  |  f  Save config   |
|  S  Send arbitrary REQUEST   | Cp  Codec priorities     |                   |
+-----------------------------------------------------------------------------+
|  q  QUIT      L  ReLoad       I  IP change     n  detect NAT type           |
|  sleep MS     echo [0|1|txt]                                                |
+=============================================================================+
You have 1 active call
Current call id=0 to sip:919345649544@176.9.190.89 [CALLING]
>>> 